
Compile applets for sam9x5
(cd ../libraries/libboard_sam9xx5-ek/build/gcc && make CHIP=sam9g15 DYN=ON -f Makefile clean all)
debug.mk debug_sam9xx5 gcc.mk iar.mk linux.mk Makefile mdk.mk NUL readme.txt release.mk sam9xx5_ek.mk win.mk
debug.mk debug_sam9xx5 gcc.mk iar.mk linux.mk Makefile mdk.mk NUL readme.txt release.mk release_sam9xx5 sam9xx5_ek.mk win.mk
(cd ../libraries/libchip_sam9xx5/build/gcc && make CHIP=sam9g15 DYN=ON -f Makefile clean all)
debug.mk debug_sam9xx5 gcc.mk iar.mk linux.mk Makefile mdk.mk NUL readme.txt release.mk sam9xx5.mk win.mk
debug.mk debug_sam9xx5 gcc.mk iar.mk linux.mk Makefile mdk.mk NUL readme.txt release.mk release_sam9xx5 sam9xx5.mk win.mk
(cd ../libraries/libnandflash/build/gcc && make DYN=ON PMECC_ALGO_ROM=ON -f Makefile clean all)
(cd ../libraries/libpmecc/build/gcc && make DYN=ON PMECC_ALGO_ROM=ON -f Makefile clean all)
(cd ../libraries/libspiflash/build/gcc && make DYN=ON -f Makefile clean all)
(cd ../libraries/liboweeprom/build/gcc && make DYN=ON -f Makefile clean all)
(cd lowlevelinit && make CHIP=sam9g15 DYN=ON -f Makefile clean all)
(cd eeprom && make CHIP=sam9g15 DYN=ON -f Makefile clean all)
(cd oweeprom && make CHIP=sam9g15 DYN=ON -f Makefile clean all)
(cd extram && make CHIP=sam9g15 DYN=ON -f Makefile clean all) 
(cd nandflash && make CHIP=sam9g15 DYN=ON -f Makefile clean all) 
(cd serialflash && make CHIP=sam9g15 DYN=ON -f Makefile clean all) 
(cd dataflash && make CHIP=sam9g15 DYN=ON -f Makefile clean all) 

Compile applets for samv7
(cd lowlevelinit && make CHIP=samv7 -f Makefile clean all)
(cd flash && make CHIP=samv7 -f Makefile clean all)

Compile applets for sam3n
(cd lowlevelinit && make CHIP=sam3n4 -f Makefile clean all)
(cd lowlevelinit && make CHIP=sam3n2 -f Makefile clean all)
(cd lowlevelinit && make CHIP=sam3n1 -f Makefile clean all)
(cd lowlevelinit && make CHIP=sam3n0 -f Makefile clean all)
(cd lowlevelinit && make CHIP=sam3n00 -f Makefile clean all)
(cd flash && make CHIP=sam3n4 -f Makefile clean all)
(cd flash && make CHIP=sam3n2 -f Makefile clean all)
(cd flash && make CHIP=sam3n1 -f Makefile clean all)
(cd flash && make CHIP=sam3n0 -f Makefile clean all)
(cd flash && make CHIP=sam3n00 -f Makefile clean all)
(cd serialflash && make CHIP=sam3n4 -f Makefile clean all)
(cd serialflash && make CHIP=sam3n2 -f Makefile clean all)

Compile applets for sam3x
(cd lowlevelinit && make CHIP=sam3x8 -f Makefile clean all)
(cd lowlevelinit && make CHIP=sam3x4 -f Makefile clean all)
(cd lowlevelinit && make CHIP=sam3x2 -f Makefile clean all)
(cd extram && make CHIP=sam3x8 -f Makefile clean all)
(cd extram && make CHIP=sam3x4 -f Makefile clean all)
(cd extram && make CHIP=sam3x2 -f Makefile clean all)
(cd flash && make CHIP=sam3x8 -f Makefile clean all)
(cd flash && make CHIP=sam3x4 -f Makefile clean all)
(cd flash && make CHIP=sam3x2 -f Makefile clean all)
(cd nandflash && make CHIP=sam3x8 -f Makefile clean all)
(cd nandflash && make CHIP=sam3x4 -f Makefile clean all)

Compile applets for sam4e
(cd lowlevelinit && make CHIP=sam4e16 -f Makefile clean all)
(cd lowlevelinit && make CHIP=sam4e8 -f Makefile clean all)
(cd flash && make CHIP=sam4e16 -f Makefile clean all)
(cd flash && make CHIP=sam4e8 -f Makefile clean all)
(cd serialflash && make CHIP=sam4e16 -f Makefile clean all)
(cd serialflash && make CHIP=sam4e8 -f Makefile clean all)
(cd nandflash && make CHIP=sam4e16 -f Makefile clean all)
(cd nandflash && make CHIP=sam4e8 -f Makefile clean all)

Compile applets for legacy
(cd dataflash && make BOARD=at91sam7a3-ek CHIP=at91sam7a3 MEMORIES=sram -f Makefile clean all)
(cd dataflash && make BOARD=at91sam7se-ek CHIP=at91sam7se256 MEMORIES=sdram -f Makefile clean all)
(cd dataflash && make BOARD=at91sam7se-ek CHIP=at91sam7se32 MEMORIES=sdram -f Makefile clean all)
(cd dataflash && make BOARD=at91sam7se-ek CHIP=at91sam7se512 MEMORIES=sdram -f Makefile clean all)
(cd dataflash && make BOARD=at91sam7x-ek CHIP=at91sam7x128 MEMORIES=sram -f Makefile clean all)
(cd dataflash && make BOARD=at91sam7x-ek CHIP=at91sam7x256 MEMORIES=sram -f Makefile clean all)
(cd dataflash && make BOARD=at91sam7x-ek CHIP=at91sam7x512 MEMORIES=sram -f Makefile clean all)
(cd dataflash && make BOARD=at91sam9260-ek CHIP=at91sam9260 MEMORIES=sdram -f Makefile clean all)
(cd dataflash && make BOARD=at91sam9261-ek CHIP=at91sam9261 MEMORIES=sram -f Makefile clean all)
(cd dataflash && make BOARD=at91sam9263-ek CHIP=at91sam9263 MEMORIES=sram -f Makefile clean all)
(cd dataflash && make BOARD=at91sam9g10-ek CHIP=at91sam9g10 MEMORIES=sdram -f Makefile clean all)
(cd dataflash && make BOARD=at91sam9g20-ek CHIP=at91sam9g20 MEMORIES=sram -f Makefile clean all)
(cd dataflash && make BOARD=at91sam9m10-ek CHIP=at91sam9m10 MEMORIES=sram -f Makefile clean all)
(cd dataflash && make BOARD=at91sam9rl-ek CHIP=at91sam9rl64 MEMORIES=sram -f Makefile clean all)
(cd dataflash && make BOARD=at91sam9xe-ek CHIP=at91sam9xe128 MEMORIES=sdram -f Makefile clean all)
(cd dataflash && make BOARD=at91sam9xe-ek CHIP=at91sam9xe256 MEMORIES=sdram -f Makefile clean all)
(cd dataflash && make BOARD=at91sam9xe-ek CHIP=at91sam9xe512 MEMORIES=sdram -f Makefile clean all)
(cd dataflash && make BOARD=at91cap9-dk CHIP=at91cap9 MEMORIES=sdram -f Makefile clean all)
(cd dataflash && make BOARD=at91cap9-stk CHIP=at91cap9 MEMORIES=sdram -f Makefile clean all)
(cd eeprom && make BOARD=at91sam7a3-ek CHIP=at91sam7a3 MEMORIES=sram -f Makefile clean all)
(cd eeprom && make BOARD=at91sam7s-ek CHIP=at91sam7s128 MEMORIES=sram -f Makefile clean all)
(cd eeprom && make BOARD=at91sam7s-ek CHIP=at91sam7s256 MEMORIES=sram -f Makefile clean all)
(cd eeprom && make BOARD=at91sam7s-ek CHIP=at91sam7s512 MEMORIES=sram -f Makefile clean all)
(cd eeprom && make BOARD=at91sam7s-ek CHIP=at91sam7s64 MEMORIES=sram -f Makefile clean all)
(cd eeprom && make BOARD=at91sam7se-ek CHIP=at91sam7se256 MEMORIES=sdram -f Makefile clean all)
(cd eeprom && make BOARD=at91sam7se-ek CHIP=at91sam7se32 MEMORIES=sdram -f Makefile clean all)
(cd eeprom && make BOARD=at91sam7se-ek CHIP=at91sam7se512 MEMORIES=sdram -f Makefile clean all)
(cd eeprom && make BOARD=at91sam7x-ek CHIP=at91sam7x128 MEMORIES=sram -f Makefile clean all)
(cd eeprom && make BOARD=at91sam7x-ek CHIP=at91sam7x256 MEMORIES=sram -f Makefile clean all)
(cd eeprom && make BOARD=at91sam7x-ek CHIP=at91sam7x512 MEMORIES=sram -f Makefile clean all)
(cd eeprom && make BOARD=at91sam9260-ek CHIP=at91sam9260 MEMORIES=sdram -f Makefile clean all)
(cd eeprom && make BOARD=at91sam9261-ek CHIP=at91sam9261 MEMORIES=sram -f Makefile clean all)
(cd eeprom && make BOARD=at91sam9263-ek CHIP=at91sam9263 MEMORIES=sram -f Makefile clean all)
(cd eeprom && make BOARD=at91sam9g10-ek CHIP=at91sam9g10 MEMORIES=sram -f Makefile clean all)
(cd eeprom && make BOARD=at91sam9g20-ek CHIP=at91sam9g20 MEMORIES=sram -f Makefile clean all)
(cd eeprom && make BOARD=at91sam9m10-ek CHIP=at91sam9m10 MEMORIES=sram -f Makefile clean all)
(cd eeprom && make BOARD=at91sam9rl-ek CHIP=at91sam9rl64 MEMORIES=sram -f Makefile clean all)
(cd eeprom && make BOARD=at91sam9xe-ek CHIP=at91sam9xe128 MEMORIES=sram -f Makefile clean all)
(cd eeprom && make BOARD=at91sam9xe-ek CHIP=at91sam9xe256 MEMORIES=sram -f Makefile clean all)
(cd eeprom && make BOARD=at91sam9xe-ek CHIP=at91sam9xe512 MEMORIES=sram -f Makefile clean all) 
(cd eeprom && make BOARD=at91cap9-dk CHIP=at91cap9 MEMORIES=sram -f Makefile clean all)
(cd eeprom && make BOARD=at91cap9-dk CHIP=at91cap9 MEMORIES=sdram -f Makefile clean all)
(cd eeprom && make BOARD=at91cap9-stk CHIP=at91cap9 MEMORIES=sdram -f Makefile clean all)
(cd eeprom && make BOARD=at91cap9-stk CHIP=at91cap9 MEMORIES=sram -f Makefile clean all)
(cd extram && make BOARD=at91sam3u-ek CHIP=at91sam3u1 MEMORIES=sram -f Makefile clean all)
(cd extram && make BOARD=at91sam3u-ek CHIP=at91sam3u2 MEMORIES=sram -f Makefile clean all)
(cd extram && make BOARD=at91sam3u-ek CHIP=at91sam3u4 MEMORIES=sram -f Makefile clean all)
(cd extram && make BOARD=at91sam7se-ek CHIP=at91sam7se256 MEMORIES=sram Makefile clean all)
(cd extram && make BOARD=at91sam7se-ek CHIP=at91sam7se32 MEMORIES=sram -f Makefile clean all)
(cd extram && make BOARD=at91sam7se-ek CHIP=at91sam7se512 MEMORIES=sram -f Makefile clean all)
(cd extram && make BOARD=at91sam9260-ek CHIP=at91sam9260 MEMORIES=sram -f Makefile clean all)
(cd extram && make BOARD=at91sam9261-ek CHIP=at91sam9261 MEMORIES=sram -f Makefile clean all)
(cd extram && make BOARD=at91sam9263-ek CHIP=at91sam9263 MEMORIES=sram -f Makefile clean all)
(cd extram && make BOARD=at91sam9g10-ek CHIP=at91sam9g10 MEMORIES=sram -f Makefile clean all)
(cd extram && make BOARD=at91sam9g20-ek CHIP=at91sam9g20 MEMORIES=sram -f Makefile clean all)
(cd extram && make BOARD=at91sam9m10-ek CHIP=at91sam9m10 MEMORIES=sram -f Makefile clean all)
(cd extram && make BOARD=at91sam9rl-ek CHIP=at91sam9rl64 MEMORIES=sram -f Makefile clean all)
(cd extram && make BOARD=at91sam9xe-ek CHIP=at91sam9xe128 MEMORIES=sram -f Makefile clean all)
(cd extram && make BOARD=at91sam9xe-ek CHIP=at91sam9xe256 MEMORIES=sram -f Makefile clean all)
(cd extram && make BOARD=at91sam9xe-ek CHIP=at91sam9xe512 MEMORIES=sram -f Makefile clean all)
(cd extram && make BOARD=at91cap9-dk CHIP=at91cap9 MEMORIES=sram -f Makefile clean all)
(cd extram && make BOARD=at91cap9-stk CHIP=at91cap9 MEMORIES=sram -f Makefile clean all)
(cd flash && make BOARD=at91sam3u-ek CHIP=at91sam3u1 MEMORIES=sram -f Makefile clean all)
(cd flash && make BOARD=at91sam3u-ek CHIP=at91sam3u2 MEMORIES=sram -f Makefile clean all)
(cd flash && make BOARD=at91sam3u-ek CHIP=at91sam3u4 MEMORIES=sram -f Makefile clean all)
(cd flash && make BOARD=at91sam7a3-ek CHIP=at91sam7a3 MEMORIES=sram -f Makefile clean all)
(cd flash && make BOARD=at91sam7l-ek CHIP=at91sam7l128 MEMORIES=sram -f Makefile clean all)
(cd flash && make BOARD=at91sam7l-ek CHIP=at91sam7l64 MEMORIES=sram -f Makefile clean all)
(cd flash && make BOARD=at91sam7s-ek CHIP=at91sam7s128 MEMORIES=sram -f Makefile clean all)
(cd flash && make BOARD=at91sam7s-ek CHIP=at91sam7s256 MEMORIES=sram -f Makefile clean all)
(cd flash && make BOARD=at91sam7s-ek CHIP=at91sam7s161 MEMORIES=sram -f Makefile clean all)
(cd flash && make BOARD=at91sam7s-ek CHIP=at91sam7s32 MEMORIES=sram -f Makefile clean all)
(cd flash && make BOARD=at91sam7s-ek CHIP=at91sam7s321 MEMORIES=sram -f Makefile clean all) 
(cd flash && make BOARD=at91sam7s-ek CHIP=at91sam7s512 MEMORIES=sram -f Makefile clean all)
(cd flash && make BOARD=at91sam7s-ek CHIP=at91sam7s64 MEMORIES=sram -f Makefile clean all)
(cd flash && make BOARD=at91sam7se-ek CHIP=at91sam7se256 MEMORIES=sram -f Makefile clean all)
(cd flash && make BOARD=at91sam7se-ek CHIP=at91sam7se32 MEMORIES=sram -f Makefile clean all)
(cd flash && make BOARD=at91sam7se-ek CHIP=at91sam7se512 MEMORIES=sram -f Makefile clean all)
(cd flash && make BOARD=at91sam7x-ek CHIP=at91sam7x128 MEMORIES=sram -f Makefile clean all)
(cd flash && make BOARD=at91sam7x-ek CHIP=at91sam7x256 MEMORIES=sram -f Makefile clean all)
(cd flash && make BOARD=at91sam7x-ek CHIP=at91sam7x512 MEMORIES=sram -f Makefile clean all)
(cd flash && make BOARD=at91sam9xe-ek CHIP=at91sam9xe128 MEMORIES=sram -f Makefile clean all)
(cd flash && make BOARD=at91sam9xe-ek CHIP=at91sam9xe256 MEMORIES=sram -f Makefile clean all)
(cd flash && make BOARD=at91sam9xe-ek CHIP=at91sam9xe512 MEMORIES=sram -f Makefile clean all)
(cd lowlevelinit && make BOARD=at91sam3u-ek CHIP=at91sam3u1 MEMORIES=sram -f Makefile clean all)
(cd lowlevelinit && make BOARD=at91sam3u-ek CHIP=at91sam3u2 MEMORIES=sram -f Makefile clean all)
(cd lowlevelinit && make BOARD=at91sam3u-ek CHIP=at91sam3u4 MEMORIES=sram -f Makefile clean all)
(cd lowlevelinit && make BOARD=at91sam9260-ek CHIP=at91sam9260 MEMORIES=sram -f Makefile clean all)
(cd lowlevelinit && make BOARD=at91sam9261-ek CHIP=at91sam9261 MEMORIES=sram -f Makefile clean all)
(cd lowlevelinit && make BOARD=at91sam9263-ek CHIP=at91sam9263 MEMORIES=sram -f Makefile clean all)
(cd lowlevelinit && make BOARD=at91sam9g10-ek CHIP=at91sam9g10 MEMORIES=sram -f Makefile clean all)
(cd lowlevelinit && make BOARD=at91sam9g20-ek CHIP=at91sam9g20 MEMORIES=sram -f Makefile clean all)
(cd lowlevelinit && make BOARD=at91sam9m10-ek CHIP=at91sam9m10 MEMORIES=sram -f Makefile clean all)
(cd lowlevelinit && make BOARD=at91sam9rl-ek CHIP=at91sam9rl64 MEMORIES=sram -f Makefile clean all)
(cd lowlevelinit && make BOARD=at91sam9xe-ek CHIP=at91sam9xe128 MEMORIES=sram -f Makefile clean all)
(cd lowlevelinit && make BOARD=at91sam9xe-ek CHIP=at91sam9xe256 MEMORIES=sram -f Makefile clean all)
(cd lowlevelinit && make BOARD=at91sam9xe-ek CHIP=at91sam9xe512 MEMORIES=sram -f Makefile clean all)
(cd lowlevelinit && make BOARD=at91cap9-dk CHIP=at91cap9 MEMORIES=sram -f Makefile clean all)
(cd lowlevelinit && make BOARD=at91cap9-stk CHIP=at91cap9 MEMORIES=sram -f Makefile clean all)
(cd lowlevelinit && make BOARD=at91sam7a3-ek CHIP=at91sam7a3 MEMORIES=sram -f Makefile clean all)
(cd lowlevelinit && make BOARD=at91sam7l-ek CHIP=at91sam7l128 MEMORIES=sram -f Makefile clean all)
(cd lowlevelinit && make BOARD=at91sam7l-ek CHIP=at91sam7l64 MEMORIES=sram -f Makefile clean all)
(cd lowlevelinit && make BOARD=at91sam7s-ek CHIP=at91sam7s128 MEMORIES=sram -f Makefile clean all)
(cd lowlevelinit && make BOARD=at91sam7s-ek CHIP=at91sam7s256 MEMORIES=sram -f Makefile clean all)
(cd lowlevelinit && make BOARD=at91sam7s-ek CHIP=at91sam7s161 MEMORIES=sram -f Makefile clean all)
(cd lowlevelinit && make BOARD=at91sam7s-ek CHIP=at91sam7s32 MEMORIES=sram -f Makefile clean all)
(cd lowlevelinit && make BOARD=at91sam7s-ek CHIP=at91sam7s321 MEMORIES=sram -f Makefile clean all)
(cd lowlevelinit && make BOARD=at91sam7s-ek CHIP=at91sam7s512 MEMORIES=sram -f Makefile clean all)
(cd lowlevelinit && make BOARD=at91sam7s-ek CHIP=at91sam7s64 MEMORIES=sram -f Makefile clean all)
(cd lowlevelinit && make BOARD=at91sam7se-ek CHIP=at91sam7se256 MEMORIES=sram -f Makefile clean all)
(cd lowlevelinit && make BOARD=at91sam7se-ek CHIP=at91sam7se32 MEMORIES=sram -f Makefile clean all)
(cd lowlevelinit && make BOARD=at91sam7se-ek CHIP=at91sam7se512 MEMORIES=sram -f Makefile clean all)
(cd lowlevelinit && make BOARD=at91sam7x-ek CHIP=at91sam7x128 MEMORIES=sram -f Makefile clean all)
(cd lowlevelinit && make BOARD=at91sam7x-ek CHIP=at91sam7x256 MEMORIES=sram -f Makefile clean all)
(cd lowlevelinit && make BOARD=at91sam7x-ek CHIP=at91sam7x512 MEMORIES=sram -f Makefile clean all)
(cd nandflash && make BOARD=at91sam3u-ek CHIP=at91sam3u1 MEMORIES=sram -f Makefile clean all)
(cd nandflash && make BOARD=at91sam3u-ek CHIP=at91sam3u2 MEMORIES=sram -f Makefile clean all)
(cd nandflash && make BOARD=at91sam3u-ek CHIP=at91sam3u4 MEMORIES=sram -f Makefile clean all)
(cd nandflash && make BOARD=at91sam7se-ek CHIP=at91sam7se256 MEMORIES=sdram -f Makefile clean all)
(cd nandflash && make BOARD=at91sam7se-ek CHIP=at91sam7se32 MEMORIES=sdram -f Makefile clean all)
(cd nandflash && make BOARD=at91sam7se-ek CHIP=at91sam7se512 MEMORIES=sdram -f Makefile clean all)
(cd nandflash && make BOARD=at91sam9260-ek CHIP=at91sam9260 MEMORIES=sdram -f Makefile clean all)
(cd nandflash && make BOARD=at91sam9261-ek CHIP=at91sam9261 MEMORIES=sdram -f Makefile clean all)
(cd nandflash && make BOARD=at91sam9263-ek CHIP=at91sam9263 MEMORIES=sdram -f Makefile clean all)
(cd nandflash && make BOARD=at91sam9g10-ek CHIP=at91sam9g10 MEMORIES=sdram -f Makefile clean all)
(cd nandflash && make BOARD=at91sam9g20-ek CHIP=at91sam9g20 MEMORIES=sdram -f Makefile clean all)
(cd nandflash && make BOARD=at91sam9m10-ek CHIP=at91sam9m10 MEMORIES=ddram -f Makefile clean all)
(cd nandflash && make BOARD=at91sam9rl-ek CHIP=at91sam9rl64 MEMORIES=sdram -f Makefile clean all)
(cd nandflash && make BOARD=at91sam9xe-ek CHIP=at91sam9xe128 MEMORIES=sdram -f Makefile clean all)
(cd nandflash && make BOARD=at91sam9xe-ek CHIP=at91sam9xe256 MEMORIES=sdram -f Makefile clean all)
(cd nandflash && make BOARD=at91sam9xe-ek CHIP=at91sam9xe512 MEMORIES=sdram -f Makefile clean all)
(cd nandflash && make BOARD=at91cap9-dk CHIP=at91cap9 MEMORIES=sdram -f Makefile clean all)
(cd nandflash && make BOARD=at91cap9-stk CHIP=at91cap9 MEMORIES=sdram -f Makefile clean all)
(cd norflash && make BOARD=at91sam7se-ek CHIP=at91sam7se256 MEMORIES=sdram -f Makefile clean all)
(cd norflash && make BOARD=at91sam7se-ek CHIP=at91sam7se32 MEMORIES=sdram -f Makefile clean all)
(cd norflash && make BOARD=at91sam7se-ek CHIP=at91sam7se512 MEMORIES=sdram -f Makefile clean all)
(cd norflash && make BOARD=at91sam9260-ek CHIP=at91sam9260 MEMORIES=sdram -f Makefile clean all)
(cd norflash && make BOARD=at91sam9261-ek CHIP=at91sam9261 MEMORIES=sdram -f Makefile clean all) 
(cd norflash && make BOARD=at91sam9263-ek CHIP=at91sam9263 MEMORIES=sdram -f Makefile clean all) 
(cd norflash && make BOARD=at91sam9g10-ek CHIP=at91sam9g10 MEMORIES=sdram -f Makefile clean all) 
(cd norflash && make BOARD=at91sam9g20-ek CHIP=at91sam9g20 MEMORIES=sdram -f Makefile clean all) 
(cd norflash && make BOARD=at91sam9m10-ek CHIP=at91sam9m10 MEMORIES=ddram -f Makefile clean all) 
(cd norflash && make BOARD=at91sam9rl-ek CHIP=at91sam9rl64 MEMORIES=sdram -f Makefile clean all) 
(cd norflash && make BOARD=at91sam9xe-ek CHIP=at91sam9xe128 MEMORIES=sdram -f Makefile clean all) 
(cd norflash && make BOARD=at91sam9xe-ek CHIP=at91sam9xe256 MEMORIES=sdram -f Makefile clean all) 
(cd norflash && make BOARD=at91sam9xe-ek CHIP=at91sam9xe512 MEMORIES=sdram -f Makefile clean all) 
(cd norflash && make BOARD=at91cap9-dk CHIP=at91cap9 MEMORIES=sdram -f Makefile clean all) 
(cd rommonitor && make BOARD=at91sam9m10-ek CHIP=at91sam9m10 MEMORIES=sram -f Makefile clean all) 
(cd serialflash && make BOARD=at91sam7a3-ek CHIP=at91sam7a3 MEMORIES=sram -f Makefile clean all) 
(cd serialflash && make BOARD=at91sam7se-ek CHIP=at91sam7se256 MEMORIES=sdram -f Makefile clean all) 
(cd serialflash && make BOARD=at91sam7se-ek CHIP=at91sam7se32 MEMORIES=sdram -f Makefile clean all) 
(cd serialflash && make BOARD=at91sam7se-ek CHIP=at91sam7se512 MEMORIES=sdram -f Makefile clean all) 
(cd serialflash && make BOARD=at91sam7x-ek CHIP=at91sam7x128 MEMORIES=sram -f Makefile clean all) 
(cd serialflash && make BOARD=at91sam7x-ek CHIP=at91sam7x256 MEMORIES=sram -f Makefile clean all) 
(cd serialflash && make BOARD=at91sam7x-ek CHIP=at91sam7x512 MEMORIES=sram -f Makefile clean all) 
(cd serialflash && make BOARD=at91sam9260-ek CHIP=at91sam9260 MEMORIES=sdram -f Makefile clean all) 
(cd serialflash && make BOARD=at91sam9261-ek CHIP=at91sam9261 MEMORIES=sdram -f Makefile clean all) 
(cd serialflash && make BOARD=at91sam9263-ek CHIP=at91sam9263 MEMORIES=sdram -f Makefile clean all) 
(cd serialflash && make BOARD=at91sam9g10-ek CHIP=at91sam9g10 MEMORIES=sdram -f Makefile clean all) 
(cd serialflash && make BOARD=at91sam9g20-ek CHIP=at91sam9g20 MEMORIES=sdram -f Makefile clean all) 
(cd serialflash && make BOARD=at91sam9m10-ek CHIP=at91sam9m10 MEMORIES=sram -f Makefile clean all) 
(cd serialflash && make BOARD=at91sam9rl-ek CHIP=at91sam9rl64 MEMORIES=sdram -f Makefile clean all) 
(cd serialflash && make BOARD=at91sam9xe-ek CHIP=at91sam9xe128 MEMORIES=sdram -f Makefile clean all) 
(cd serialflash && make BOARD=at91sam9xe-ek CHIP=at91sam9xe256 MEMORIES=sdram -f Makefile clean all) 
(cd serialflash && make BOARD=at91sam9xe-ek CHIP=at91sam9xe512 MEMORIES=sdram -f Makefile clean all) 
(cd serialflash && make BOARD=at91cap9-dk CHIP=at91cap9 MEMORIES=sdram -f Makefile clean all) 

Compile applets for sama5d4x
(cd ../libraries/libboard_sama5d4x-ek/build/gcc && make DYN=ON -f Makefile clean all)
debug.mk debug_sama5d4x_ek gcc.mk linux.mk Makefile NUL readme.txt release.mk sama5d4x_ek.mk win.mk
debug.mk debug_sama5d4x_ek gcc.mk linux.mk Makefile NUL readme.txt release.mk release_sama5d4x_ek sama5d4x_ek.mk win.mk
(cd ../libraries/libchip_sama5d4x/build/gcc && make DYN=ON -f Makefile clean all)
debug.mk debug_sama5d4x gcc.mk iar.mk linux.mk Makefile mdk.mk NUL readme.txt release.mk sama5d4x.mk win.mk
debug.mk debug_sama5d4x gcc.mk iar.mk linux.mk Makefile mdk.mk NUL readme.txt release.mk release_sama5d4x sama5d4x.mk win.mk
(cd ../libraries/libnandflash/build/gcc && make DYN=ON -f Makefile clean all)
(cd ../libraries/liboweeprom/build/gcc && make DYN=ON -f Makefile clean all)
(cd ../libraries/libpmecc/build/gcc && make DYN=ON -f Makefile clean all)
(cd ../libraries/libspiflash/build/gcc && make DYN=ON -f Makefile clean all)
(cd lowlevelinit && make DYN=ON -f Makefile clean all)
(cd oweeprom && make DYN=ON -f Makefile clean all)
(cd extram && make DYN=ON -f Makefile clean all) 
(cd nandflash && make DYN=ON -f Makefile clean all) 
(cd serialflash && make DYN=ON -f Makefile clean all) 

Compile applets for sam3s8
(cd lowlevelinit && make CHIP=sam3s8 -f Makefile clean all)
(cd lowlevelinit && make CHIP=sam3sd8 -f Makefile clean all)
(cd lowlevelinit && make CHIP=sam3s16 -f Makefile clean all)
(cd flash && make CHIP=sam3s8 -f Makefile clean all)
(cd flash && make CHIP=sam3sd8 -f Makefile clean all)
(cd flash && make CHIP=sam3s16 -f Makefile clean all)
(cd nandflash && make CHIP=sam3s8 -f Makefile clean all)
(cd nandflash && make CHIP=sam3sd8 -f Makefile clean all)
(cd nandflash && make CHIP=sam3s16 -f Makefile clean all)

Compile applets for sam4n
(cd lowlevelinit && make CHIP=sam4n8 -f Makefile clean all)
(cd lowlevelinit && make CHIP=sam4n16 -f Makefile clean all)
(cd flash && make CHIP=sam4n8 -f Makefile clean all)
(cd flash && make CHIP=sam4n16 -f Makefile clean all)

Compile applets for sam9n12
(cd ../libraries/libboard_sam9n12-ek/build/gcc && make DYN=ON -f Makefile clean all)
debug.mk debug_sam9n12_ek gcc.mk iar.mk linux.mk Makefile mdk.mk NUL readme.txt release.mk sam9n12_ek.mk win.mk
debug.mk debug_sam9n12_ek gcc.mk iar.mk linux.mk Makefile mdk.mk NUL readme.txt release.mk release_sam9n12_ek sam9n12_ek.mk win.mk
(cd ../libraries/libchip_sam9n12/build/gcc && make DYN=ON -f Makefile clean all)
debug.mk debug_sam9n12 gcc.mk iar.mk linux.mk Makefile mdk.mk NUL readme.txt release.mk sam9n12.mk win.mk
debug.mk debug_sam9n12 gcc.mk iar.mk linux.mk Makefile mdk.mk NUL readme.txt release.mk release_sam9n12 sam9n12.mk win.mk
(cd ../libraries/libnandflash/build/gcc && make DYN=ON PMECC_ALGO_ROM=ON -f Makefile clean all)
(cd ../libraries/libnorflash/build/gcc && make DYN=ON -f Makefile clean all)
(cd ../libraries/libpmecc/build/gcc && make DYN=ON PMECC_ALGO_ROM=ON -f Makefile clean all)
(cd ../libraries/libspiflash/build/gcc && make DYN=ON -f Makefile clean all)
(cd ../libraries/liboweeprom/build/gcc && make DYN=ON -f Makefile clean all)
(cd lowlevelinit && make DYN=ON -f Makefile clean all)
(cd eeprom && make DYN=ON -f Makefile clean all)
(cd oweeprom && make DYN=ON -f Makefile clean all)
(cd extram && make DYN=ON -f Makefile clean all) 
(cd nandflash && make DYN=ON -f Makefile clean all) 
(cd norflash && make DYN=ON -f Makefile clean all) 
(cd serialflash && make DYN=ON -f Makefile clean all) 
(cd dataflash && make DYN=ON -f Makefile clean all) 
(cd otp && make DYN=ON -f Makefile clean all) 

Compile applets for sama5d3x
(cd ../libraries/libboard_sama5d3x-ek/build/gcc && make DYN=ON -f Makefile clean all)
debug.mk debug_sama5d3x_ek gcc.mk iar.mk linux.mk Makefile mdk.mk NUL readme.txt release.mk sama5d3x_ek.mk win.mk
debug.mk debug_sama5d3x_ek gcc.mk iar.mk linux.mk Makefile mdk.mk NUL readme.txt release.mk release_sama5d3x_ek sama5d3x_ek.mk win.mk
(cd ../libraries/libchip_sama5d3x/build/gcc && make DYN=ON -f Makefile clean all)
debug.mk debug_sama5d3x gcc.mk iar.mk linux.mk Makefile mdk.mk NUL readme.txt release.mk sama5d3x.mk win.mk
debug.mk debug_sama5d3x gcc.mk iar.mk linux.mk Makefile mdk.mk NUL readme.txt release.mk release_sama5d3x sama5d3x.mk win.mk
(cd ../libraries/libnandflash/build/gcc && make DYN=ON -f Makefile clean all)
(cd ../libraries/libnorflash/build/gcc && make DYN=ON -f Makefile clean all)
(cd ../libraries/libpmecc/build/gcc && make DYN=ON -f Makefile clean all)
(cd ../libraries/libspiflash/build/gcc && make DYN=ON -f Makefile clean all)
(cd ../libraries/libsdmmc/build/gcc && make DYN=ON -f Makefile clean all)
(cd ../libraries/liboweeprom/build/gcc && make DYN=ON -f Makefile clean all)
(cd lowlevelinit && make DYN=ON -f Makefile clean all)
(cd eeprom && make DYN=ON -f Makefile clean all)
(cd oweeprom && make DYN=ON -f Makefile clean all)
(cd extram && make DYN=ON -f Makefile clean all) 
(cd nandflash && make DYN=ON -f Makefile clean all) 
(cd serialflash && make DYN=ON -f Makefile clean all) 
(cd sdmmc && make DYN=ON -f Makefile clean all) 
(cd norflash && make DYN=ON -f Makefile clean all) 
(cd dataflash && make DYN=ON -f Makefile clean all) 
(cd otp && make DYN=ON -f Makefile clean all) 

Compile applets for sam3s
(cd lowlevelinit && make CHIP=sam3s4 -f Makefile clean all)
(cd lowlevelinit && make CHIP=sam3s2 -f Makefile clean all)
(cd lowlevelinit && make CHIP=sam3s1 -f Makefile clean all)
(cd lowlevelinit && make CHIP=sam3s4 BOARD=rf231usb -f Makefile clean all)
(cd flash && make CHIP=sam3s4 -f Makefile clean all)
(cd flash && make CHIP=sam3s2 -f Makefile clean all)
(cd flash && make CHIP=sam3s1 -f Makefile clean all)
(cd flash && make CHIP=sam3s4 BOARD=rf231usb -f Makefile clean all)
(cd nandflash && make CHIP=sam3s4 -f Makefile clean all)
